<?xml version="1.0" encoding="UTF-8"?>

<web-app xmlns="http://java.sun.com/xml/ns/javaee"
         xmlns:xsi="http://www.w3.org/2001/XMLSchema-instance"
         xsi:schemaLocation="http://xmlns.jcp.org/xml/ns/javaee http://xmlns.jcp.org/xml/ns/javaee/web-app_3_1.xsd"
         version="3.1">
    <session-config>
        <session-timeout>
            30
        </session-timeout>
    </session-config>
    <security-constraint>
        <display-name>REST API Resources</display-name>
        <web-resource-collection>
            <web-resource-name>Protected API</web-resource-name>
            <url-pattern>/api/*</url-pattern>
        </web-resource-collection>    
        <auth-constraint>
            <role-name>ROLE_USER</role-name>
            <role-name>ROLE_ADMIN</role-name>
        </auth-constraint>
    </security-constraint>
    <login-config>
        <auth-method>BASIC</auth-method>
        <!--         <realm-name>RealmUsersRoles</realm-name>-->
        <realm-name>ApplicationRealm</realm-name>
    </login-config>
    <security-role>
        <role-name>ROLE_USER</role-name>
    </security-role>
    <security-role>
        <role-name>ROLE_ADMIN</role-name>
    </security-role>
</web-app>
